2019-03-26 15:56:32.328  INFO 13924 --- [main] com.lmj.App                              : Starting App on DESKTOP-1O9OU02 with PID 13924 (C:\Users\asus\Desktop\BlogWorkspace\my-blog\target\classes started by asus in C:\Users\asus\Desktop\BlogWorkspace\my-blog)
2019-03-26 15:56:32.341  INFO 13924 --- [main] com.lmj.App                              : No active profile set, falling back to default profiles: default
2019-03-26 15:56:32.631  INFO 13924 --- [main] ationConfigEmbeddedWebApplicationContext : Refreshing org.springframework.boot.context.embedded.AnnotationConfigEmbeddedWebApplicationContext@f2f2cc1: startup date [Tue Mar 26 15:56:32 CST 2019]; root of context hierarchy
2019-03-26 15:56:35.007  INFO 13924 --- [main] .s.d.r.c.RepositoryConfigurationDelegate : Multiple Spring Data modules found, entering strict repository configuration mode!
2019-03-26 15:56:36.444  INFO 13924 --- [main] s.b.c.e.t.TomcatEmbeddedServletContainer : Tomcat initialized with port(s): 8889 (http)
2019-03-26 15:56:36.471  INFO 13924 --- [main] o.apache.catalina.core.StandardService   : Starting service [Tomcat]
2019-03-26 15:56:36.472  INFO 13924 --- [main] org.apache.catalina.core.StandardEngine  : Starting Servlet Engine: Apache Tomcat/8.5.23
2019-03-26 15:56:36.681  INFO 13924 --- [localhost-startStop-1] o.a.c.c.C.[Tomcat].[localhost].[/]       : Initializing Spring embedded WebApplicationContext
2019-03-26 15:56:36.682  INFO 13924 --- [localhost-startStop-1] o.s.web.context.ContextLoader            : Root WebApplicationContext: initialization completed in 4060 ms
2019-03-26 15:56:37.243  INFO 13924 --- [localhost-startStop-1] o.s.b.w.servlet.ServletRegistrationBean  : Mapping servlet: 'dispatcherServlet' to [/]
2019-03-26 15:56:37.248  INFO 13924 --- [localhost-startStop-1] o.s.b.w.servlet.FilterRegistrationBean   : Mapping filter: 'characterEncodingFilter' to: [/*]
2019-03-26 15:56:37.248  INFO 13924 --- [localhost-startStop-1] o.s.b.w.servlet.FilterRegistrationBean   : Mapping filter: 'hiddenHttpMethodFilter' to: [/*]
2019-03-26 15:56:37.249  INFO 13924 --- [localhost-startStop-1] o.s.b.w.servlet.FilterRegistrationBean   : Mapping filter: 'httpPutFormContentFilter' to: [/*]
2019-03-26 15:56:37.249  INFO 13924 --- [localhost-startStop-1] o.s.b.w.servlet.FilterRegistrationBean   : Mapping filter: 'requestContextFilter' to: [/*]
2019-03-26 15:56:41.373  INFO 13924 --- [main] s.w.s.m.m.a.RequestMappingHandlerAdapter : Looking for @ControllerAdvice: org.springframework.boot.context.embedded.AnnotationConfigEmbeddedWebApplicationContext@f2f2cc1: startup date [Tue Mar 26 15:56:32 CST 2019]; root of context hierarchy
2019-03-26 15:56:41.568  INFO 13924 --- [main] s.w.s.m.m.a.RequestMappingHandlerMapping : Mapped "{[/article/uploadArticle],methods=[POST]}" onto public java.lang.String com.lmj.controller.ArticleController.uploadArticla(com.lmj.model.Article,javax.servlet.http.HttpServletRequest,org.springframework.ui.Model)
2019-03-26 15:56:41.570  INFO 13924 --- [main] s.w.s.m.m.a.RequestMappingHandlerMapping : Mapped "{[/article/uploadArticle],methods=[GET]}" onto public java.lang.String com.lmj.controller.ArticleController.uploadArticle()
2019-03-26 15:56:41.571  INFO 13924 --- [main] s.w.s.m.m.a.RequestMappingHandlerMapping : Mapped "{[/article/findArticle],methods=[GET]}" onto public java.lang.String com.lmj.controller.ArticleController.findArticle(java.lang.String,org.springframework.ui.Model)
2019-03-26 15:56:41.576  INFO 13924 --- [main] s.w.s.m.m.a.RequestMappingHandlerMapping : Mapped "{[/user/index],methods=[GET]}" onto public java.lang.String com.lmj.controller.UserController.index(java.lang.String,java.lang.String,java.lang.String,int,org.springframework.ui.Model,javax.servlet.http.HttpServletRequest,int)
2019-03-26 15:56:41.578  INFO 13924 --- [main] s.w.s.m.m.a.RequestMappingHandlerMapping : Mapped "{[/user/userInfo],methods=[GET]}" onto public java.lang.String com.lmj.controller.UserController.userInfo(javax.servlet.http.HttpServletRequest)
2019-03-26 15:56:41.579  INFO 13924 --- [main] s.w.s.m.m.a.RequestMappingHandlerMapping : Mapped "{[/user/userCenter],methods=[GET]}" onto public java.lang.String com.lmj.controller.UserController.userCenter(javax.servlet.http.HttpServletRequest,org.springframework.ui.Model,int)
2019-03-26 15:56:41.597  INFO 13924 --- [main] s.w.s.m.m.a.RequestMappingHandlerMapping : Mapped "{[/user/login],methods=[POST]}" onto public java.lang.String com.lmj.controller.UserController.userLogin(java.lang.String,java.lang.String,javax.servlet.http.HttpServletRequest,org.springframework.ui.Model)
2019-03-26 15:56:41.597  INFO 13924 --- [main] s.w.s.m.m.a.RequestMappingHandlerMapping : Mapped "{[/user/login],methods=[GET]}" onto public java.lang.String com.lmj.controller.UserController.userLogin()
2019-03-26 15:56:41.598  INFO 13924 --- [main] s.w.s.m.m.a.RequestMappingHandlerMapping : Mapped "{[/user/register],methods=[GET]}" onto public java.lang.String com.lmj.controller.UserController.userRegister()
2019-03-26 15:56:41.598  INFO 13924 --- [main] s.w.s.m.m.a.RequestMappingHandlerMapping : Mapped "{[/user/register],methods=[POST]}" onto public java.lang.String com.lmj.controller.UserController.userRegister(com.lmj.model.User)
2019-03-26 15:56:41.598  INFO 13924 --- [main] s.w.s.m.m.a.RequestMappingHandlerMapping : Mapped "{[/user/updateUserSign],methods=[POST]}" onto public java.lang.String com.lmj.controller.UserController.updateUserSign(java.lang.String,javax.servlet.http.HttpServletRequest,org.springframework.ui.Model)
2019-03-26 15:56:41.599  INFO 13924 --- [main] s.w.s.m.m.a.RequestMappingHandlerMapping : Mapped "{[/user/updateArticle],methods=[GET]}" onto public java.lang.String com.lmj.controller.UserController.updateArticle(int,org.springframework.ui.Model)
2019-03-26 15:56:41.599  INFO 13924 --- [main] s.w.s.m.m.a.RequestMappingHandlerMapping : Mapped "{[/user/updateArticle],methods=[POST]}" onto public java.lang.String com.lmj.controller.UserController.updateArticle(com.lmj.model.Article,javax.servlet.http.HttpServletRequest,org.springframework.ui.Model)
2019-03-26 15:56:41.599  INFO 13924 --- [main] s.w.s.m.m.a.RequestMappingHandlerMapping : Mapped "{[/user/updateUserEmail],methods=[POST]}" onto public java.lang.String com.lmj.controller.UserController.updataUserEmail(java.lang.String,javax.servlet.http.HttpServletRequest,org.springframework.ui.Model)
2019-03-26 15:56:41.599  INFO 13924 --- [main] s.w.s.m.m.a.RequestMappingHandlerMapping : Mapped "{[/user/delArticle]}" onto public java.lang.String com.lmj.controller.UserController.delArticle(java.lang.String,javax.servlet.http.HttpServletRequest)
2019-03-26 15:56:41.600  INFO 13924 --- [main] s.w.s.m.m.a.RequestMappingHandlerMapping : Mapped "{[/user/findAuthor],methods=[GET]}" onto public java.lang.String com.lmj.controller.UserController.findAuthorCenter(org.springframework.ui.Model,int,int)
2019-03-26 15:56:41.600  INFO 13924 --- [main] s.w.s.m.m.a.RequestMappingHandlerMapping : Mapped "{[/user/quit]}" onto public java.lang.String com.lmj.controller.UserController.quit(javax.servlet.http.HttpServletRequest)
2019-03-26 15:56:41.600  INFO 13924 --- [main] s.w.s.m.m.a.RequestMappingHandlerMapping : Mapped "{[/user/updateUserRelName],methods=[POST]}" onto public java.lang.String com.lmj.controller.UserController.updataUserRelName(java.lang.String,javax.servlet.http.HttpServletRequest,org.springframework.ui.Model)
2019-03-26 15:56:41.601  INFO 13924 --- [main] s.w.s.m.m.a.RequestMappingHandlerMapping : Mapped "{[/user/updateUserPassword],methods=[POST]}" onto public java.lang.String com.lmj.controller.UserController.updataUserPassword(java.lang.String,javax.servlet.http.HttpServletRequest,org.springframework.ui.Model)
2019-03-26 15:56:41.601  INFO 13924 --- [main] s.w.s.m.m.a.RequestMappingHandlerMapping : Mapped "{[/user/updateUserPhoneNum],methods=[POST]}" onto public java.lang.String com.lmj.controller.UserController.updataUserPhoneNum(java.lang.String,javax.servlet.http.HttpServletRequest,org.springframework.ui.Model)
2019-03-26 15:56:41.602  INFO 13924 --- [main] s.w.s.m.m.a.RequestMappingHandlerMapping : Mapped "{[/error]}" onto public org.springframework.http.ResponseEntity<java.util.Map<java.lang.String, java.lang.Object>> org.springframework.boot.autoconfigure.web.BasicErrorController.error(javax.servlet.http.HttpServletRequest)
2019-03-26 15:56:41.603  INFO 13924 --- [main] s.w.s.m.m.a.RequestMappingHandlerMapping : Mapped "{[/error],produces=[text/html]}" onto public org.springframework.web.servlet.ModelAndView org.springframework.boot.autoconfigure.web.BasicErrorController.errorHtml(javax.servlet.http.HttpServletRequest,javax.servlet.http.HttpServletResponse)
2019-03-26 15:56:41.670  INFO 13924 --- [main] o.s.w.s.handler.SimpleUrlHandlerMapping  : Mapped URL path [/webjars/**] onto handler of type [class org.springframework.web.servlet.resource.ResourceHttpRequestHandler]
2019-03-26 15:56:41.670  INFO 13924 --- [main] o.s.w.s.handler.SimpleUrlHandlerMapping  : Mapped URL path [/**] onto handler of type [class org.springframework.web.servlet.resource.ResourceHttpRequestHandler]
2019-03-26 15:56:41.703  INFO 13924 --- [main] o.s.w.s.handler.SimpleUrlHandlerMapping  : Mapped URL path [/**/favicon.ico] onto handler of type [class org.springframework.web.servlet.resource.ResourceHttpRequestHandler]
2019-03-26 15:56:42.207  INFO 13924 --- [main] o.s.w.s.v.f.FreeMarkerConfigurer         : ClassTemplateLoader for Spring macros added to FreeMarker configuration
2019-03-26 15:56:42.674  INFO 13924 --- [main] o.s.j.e.a.AnnotationMBeanExporter        : Registering beans for JMX exposure on startup
2019-03-26 15:56:42.850  INFO 13924 --- [main] s.b.c.e.t.TomcatEmbeddedServletContainer : Tomcat started on port(s): 8889 (http)
2019-03-26 15:56:42.891  INFO 13924 --- [main] com.lmj.App                              : Started App in 11.536 seconds (JVM running for 19.561)
2019-03-26 17:01:03.247  INFO 10316 --- [main] com.lmj.App                              : Starting App on DESKTOP-1O9OU02 with PID 10316 (C:\Users\asus\Desktop\BlogWorkspace\my-blog\target\classes started by asus in C:\Users\asus\Desktop\BlogWorkspace\my-blog)
2019-03-26 17:01:03.295  INFO 10316 --- [main] com.lmj.App                              : No active profile set, falling back to default profiles: default
2019-03-26 17:01:03.797  INFO 10316 --- [main] ationConfigEmbeddedWebApplicationContext : Refreshing org.springframework.boot.context.embedded.AnnotationConfigEmbeddedWebApplicationContext@f2f2cc1: startup date [Tue Mar 26 17:01:03 CST 2019]; root of context hierarchy
2019-03-26 17:01:09.940  INFO 10316 --- [main] .s.d.r.c.RepositoryConfigurationDelegate : Multiple Spring Data modules found, entering strict repository configuration mode!
2019-03-26 17:01:11.854  INFO 10316 --- [main] s.b.c.e.t.TomcatEmbeddedServletContainer : Tomcat initialized with port(s): 8889 (http)
2019-03-26 17:01:11.891  INFO 10316 --- [main] o.apache.catalina.core.StandardService   : Starting service [Tomcat]
2019-03-26 17:01:11.892  INFO 10316 --- [main] org.apache.catalina.core.StandardEngine  : Starting Servlet Engine: Apache Tomcat/8.5.23
2019-03-26 17:01:12.390  INFO 10316 --- [localhost-startStop-1] o.a.c.c.C.[Tomcat].[localhost].[/]       : Initializing Spring embedded WebApplicationContext
2019-03-26 17:01:12.391  INFO 10316 --- [localhost-startStop-1] o.s.web.context.ContextLoader            : Root WebApplicationContext: initialization completed in 8608 ms
2019-03-26 17:01:12.648  INFO 10316 --- [localhost-startStop-1] o.s.b.w.servlet.ServletRegistrationBean  : Mapping servlet: 'dispatcherServlet' to [/]
2019-03-26 17:01:12.654  INFO 10316 --- [localhost-startStop-1] o.s.b.w.servlet.FilterRegistrationBean   : Mapping filter: 'characterEncodingFilter' to: [/*]
2019-03-26 17:01:12.655  INFO 10316 --- [localhost-startStop-1] o.s.b.w.servlet.FilterRegistrationBean   : Mapping filter: 'hiddenHttpMethodFilter' to: [/*]
2019-03-26 17:01:12.655  INFO 10316 --- [localhost-startStop-1] o.s.b.w.servlet.FilterRegistrationBean   : Mapping filter: 'httpPutFormContentFilter' to: [/*]
2019-03-26 17:01:12.655  INFO 10316 --- [localhost-startStop-1] o.s.b.w.servlet.FilterRegistrationBean   : Mapping filter: 'requestContextFilter' to: [/*]
2019-03-26 17:01:15.779  INFO 10316 --- [main] s.w.s.m.m.a.RequestMappingHandlerAdapter : Looking for @ControllerAdvice: org.springframework.boot.context.embedded.AnnotationConfigEmbeddedWebApplicationContext@f2f2cc1: startup date [Tue Mar 26 17:01:03 CST 2019]; root of context hierarchy
2019-03-26 17:01:15.837  INFO 10316 --- [main] s.w.s.m.m.a.RequestMappingHandlerMapping : Mapped "{[/article/uploadArticle],methods=[GET]}" onto public java.lang.String com.lmj.controller.ArticleController.uploadArticle()
2019-03-26 17:01:15.841  INFO 10316 --- [main] s.w.s.m.m.a.RequestMappingHandlerMapping : Mapped "{[/article/findArticle],methods=[GET]}" onto public java.lang.String com.lmj.controller.ArticleController.findArticle(java.lang.String,org.springframework.ui.Model)
2019-03-26 17:01:15.841  INFO 10316 --- [main] s.w.s.m.m.a.RequestMappingHandlerMapping : Mapped "{[/article/uploadArticle],methods=[POST]}" onto public java.lang.String com.lmj.controller.ArticleController.uploadArticla(com.lmj.model.Article,javax.servlet.http.HttpServletRequest,org.springframework.ui.Model)
2019-03-26 17:01:15.847  INFO 10316 --- [main] s.w.s.m.m.a.RequestMappingHandlerMapping : Mapped "{[/user/index],methods=[GET]}" onto public java.lang.String com.lmj.controller.UserController.index(java.lang.String,java.lang.String,java.lang.String,int,org.springframework.ui.Model,javax.servlet.http.HttpServletRequest,int)
2019-03-26 17:01:15.848  INFO 10316 --- [main] s.w.s.m.m.a.RequestMappingHandlerMapping : Mapped "{[/user/userInfo],methods=[GET]}" onto public java.lang.String com.lmj.controller.UserController.userInfo(javax.servlet.http.HttpServletRequest)
2019-03-26 17:01:15.849  INFO 10316 --- [main] s.w.s.m.m.a.RequestMappingHandlerMapping : Mapped "{[/user/updateUserPassword],methods=[POST]}" onto public java.lang.String com.lmj.controller.UserController.updataUserPassword(java.lang.String,javax.servlet.http.HttpServletRequest,org.springframework.ui.Model)
2019-03-26 17:01:15.849  INFO 10316 --- [main] s.w.s.m.m.a.RequestMappingHandlerMapping : Mapped "{[/user/updateUserPhoneNum],methods=[POST]}" onto public java.lang.String com.lmj.controller.UserController.updataUserPhoneNum(java.lang.String,javax.servlet.http.HttpServletRequest,org.springframework.ui.Model)
2019-03-26 17:01:15.850  INFO 10316 --- [main] s.w.s.m.m.a.RequestMappingHandlerMapping : Mapped "{[/user/updateUserRelName],methods=[POST]}" onto public java.lang.String com.lmj.controller.UserController.updataUserRelName(java.lang.String,javax.servlet.http.HttpServletRequest,org.springframework.ui.Model)
2019-03-26 17:01:15.850  INFO 10316 --- [main] s.w.s.m.m.a.RequestMappingHandlerMapping : Mapped "{[/user/updateUserEmail],methods=[POST]}" onto public java.lang.String com.lmj.controller.UserController.updataUserEmail(java.lang.String,javax.servlet.http.HttpServletRequest,org.springframework.ui.Model)
2019-03-26 17:01:15.851  INFO 10316 --- [main] s.w.s.m.m.a.RequestMappingHandlerMapping : Mapped "{[/user/login],methods=[GET]}" onto public java.lang.String com.lmj.controller.UserController.userLogin()
2019-03-26 17:01:15.851  INFO 10316 --- [main] s.w.s.m.m.a.RequestMappingHandlerMapping : Mapped "{[/user/login],methods=[POST]}" onto public java.lang.String com.lmj.controller.UserController.userLogin(java.lang.String,java.lang.String,javax.servlet.http.HttpServletRequest,org.springframework.ui.Model)
2019-03-26 17:01:15.852  INFO 10316 --- [main] s.w.s.m.m.a.RequestMappingHandlerMapping : Mapped "{[/user/register],methods=[POST]}" onto public java.lang.String com.lmj.controller.UserController.userRegister(com.lmj.model.User)
2019-03-26 17:01:15.852  INFO 10316 --- [main] s.w.s.m.m.a.RequestMappingHandlerMapping : Mapped "{[/user/register],methods=[GET]}" onto public java.lang.String com.lmj.controller.UserController.userRegister()
2019-03-26 17:01:15.853  INFO 10316 --- [main] s.w.s.m.m.a.RequestMappingHandlerMapping : Mapped "{[/user/userCenter],methods=[GET]}" onto public java.lang.String com.lmj.controller.UserController.userCenter(javax.servlet.http.HttpServletRequest,org.springframework.ui.Model,int)
2019-03-26 17:01:15.853  INFO 10316 --- [main] s.w.s.m.m.a.RequestMappingHandlerMapping : Mapped "{[/user/updateArticle],methods=[POST]}" onto public java.lang.String com.lmj.controller.UserController.updateArticle(com.lmj.model.Article,javax.servlet.http.HttpServletRequest,org.springframework.ui.Model)
2019-03-26 17:01:15.854  INFO 10316 --- [main] s.w.s.m.m.a.RequestMappingHandlerMapping : Mapped "{[/user/updateArticle],methods=[GET]}" onto public java.lang.String com.lmj.controller.UserController.updateArticle(int,org.springframework.ui.Model)
2019-03-26 17:01:15.855  INFO 10316 --- [main] s.w.s.m.m.a.RequestMappingHandlerMapping : Mapped "{[/user/quit]}" onto public java.lang.String com.lmj.controller.UserController.quit(javax.servlet.http.HttpServletRequest)
2019-03-26 17:01:15.856  INFO 10316 --- [main] s.w.s.m.m.a.RequestMappingHandlerMapping : Mapped "{[/user/findAuthor],methods=[GET]}" onto public java.lang.String com.lmj.controller.UserController.findAuthorCenter(org.springframework.ui.Model,int,int)
2019-03-26 17:01:15.856  INFO 10316 --- [main] s.w.s.m.m.a.RequestMappingHandlerMapping : Mapped "{[/user/updateUserSign],methods=[POST]}" onto public java.lang.String com.lmj.controller.UserController.updateUserSign(java.lang.String,javax.servlet.http.HttpServletRequest,org.springframework.ui.Model)
2019-03-26 17:01:15.856  INFO 10316 --- [main] s.w.s.m.m.a.RequestMappingHandlerMapping : Mapped "{[/user/delArticle]}" onto public java.lang.String com.lmj.controller.UserController.delArticle(java.lang.String,javax.servlet.http.HttpServletRequest)
2019-03-26 17:01:15.858  INFO 10316 --- [main] s.w.s.m.m.a.RequestMappingHandlerMapping : Mapped "{[/error]}" onto public org.springframework.http.ResponseEntity<java.util.Map<java.lang.String, java.lang.Object>> org.springframework.boot.autoconfigure.web.BasicErrorController.error(javax.servlet.http.HttpServletRequest)
2019-03-26 17:01:15.859  INFO 10316 --- [main] s.w.s.m.m.a.RequestMappingHandlerMapping : Mapped "{[/error],produces=[text/html]}" onto public org.springframework.web.servlet.ModelAndView org.springframework.boot.autoconfigure.web.BasicErrorController.errorHtml(javax.servlet.http.HttpServletRequest,javax.servlet.http.HttpServletResponse)
2019-03-26 17:01:15.902  INFO 10316 --- [main] o.s.w.s.handler.SimpleUrlHandlerMapping  : Mapped URL path [/webjars/**] onto handler of type [class org.springframework.web.servlet.resource.ResourceHttpRequestHandler]
2019-03-26 17:01:15.902  INFO 10316 --- [main] o.s.w.s.handler.SimpleUrlHandlerMapping  : Mapped URL path [/**] onto handler of type [class org.springframework.web.servlet.resource.ResourceHttpRequestHandler]
2019-03-26 17:01:15.946  INFO 10316 --- [main] o.s.w.s.handler.SimpleUrlHandlerMapping  : Mapped URL path [/**/favicon.ico] onto handler of type [class org.springframework.web.servlet.resource.ResourceHttpRequestHandler]
2019-03-26 17:01:16.463  INFO 10316 --- [main] o.s.w.s.v.f.FreeMarkerConfigurer         : ClassTemplateLoader for Spring macros added to FreeMarker configuration
2019-03-26 17:01:16.801  INFO 10316 --- [main] o.s.j.e.a.AnnotationMBeanExporter        : Registering beans for JMX exposure on startup
2019-03-26 17:01:17.008  INFO 10316 --- [main] s.b.c.e.t.TomcatEmbeddedServletContainer : Tomcat started on port(s): 8889 (http)
2019-03-26 17:01:17.024  INFO 10316 --- [main] com.lmj.App                              : Started App in 15.469 seconds (JVM running for 21.785)
2019-03-26 17:01:30.980  INFO 10316 --- [http-nio-8889-exec-2] o.a.c.c.C.[Tomcat].[localhost].[/]       : Initializing Spring FrameworkServlet 'dispatcherServlet'
2019-03-26 17:01:30.981  INFO 10316 --- [http-nio-8889-exec-2] o.s.web.servlet.DispatcherServlet        : FrameworkServlet 'dispatcherServlet': initialization started
2019-03-26 17:01:31.018  INFO 10316 --- [http-nio-8889-exec-2] o.s.web.servlet.DispatcherServlet        : FrameworkServlet 'dispatcherServlet': initialization completed in 37 ms
2019-03-26 17:03:42.243  INFO 8588 --- [main] com.lmj.App                              : Starting App on DESKTOP-1O9OU02 with PID 8588 (C:\Users\asus\Desktop\BlogWorkspace\my-blog\target\classes started by asus in C:\Users\asus\Desktop\BlogWorkspace\my-blog)
2019-03-26 17:03:42.271  INFO 8588 --- [main] com.lmj.App                              : No active profile set, falling back to default profiles: default
2019-03-26 17:03:42.721  INFO 8588 --- [main] ationConfigEmbeddedWebApplicationContext : Refreshing org.springframework.boot.context.embedded.AnnotationConfigEmbeddedWebApplicationContext@475e586c: startup date [Tue Mar 26 17:03:42 CST 2019]; root of context hierarchy
2019-03-26 17:03:43.960  INFO 8588 --- [main] .s.d.r.c.RepositoryConfigurationDelegate : Multiple Spring Data modules found, entering strict repository configuration mode!
2019-03-26 17:03:46.073  INFO 8588 --- [main] s.b.c.e.t.TomcatEmbeddedServletContainer : Tomcat initialized with port(s): 8889 (http)
2019-03-26 17:03:46.088  INFO 8588 --- [main] o.apache.catalina.core.StandardService   : Starting service [Tomcat]
2019-03-26 17:03:46.106  INFO 8588 --- [main] org.apache.catalina.core.StandardEngine  : Starting Servlet Engine: Apache Tomcat/8.5.23
2019-03-26 17:03:46.386  INFO 8588 --- [localhost-startStop-1] o.a.c.c.C.[Tomcat].[localhost].[/]       : Initializing Spring embedded WebApplicationContext
2019-03-26 17:03:46.386  INFO 8588 --- [localhost-startStop-1] o.s.web.context.ContextLoader            : Root WebApplicationContext: initialization completed in 3665 ms
2019-03-26 17:03:46.688  INFO 8588 --- [localhost-startStop-1] o.s.b.w.servlet.ServletRegistrationBean  : Mapping servlet: 'dispatcherServlet' to [/]
2019-03-26 17:03:46.695  INFO 8588 --- [localhost-startStop-1] o.s.b.w.servlet.FilterRegistrationBean   : Mapping filter: 'characterEncodingFilter' to: [/*]
2019-03-26 17:03:46.696  INFO 8588 --- [localhost-startStop-1] o.s.b.w.servlet.FilterRegistrationBean   : Mapping filter: 'hiddenHttpMethodFilter' to: [/*]
2019-03-26 17:03:46.696  INFO 8588 --- [localhost-startStop-1] o.s.b.w.servlet.FilterRegistrationBean   : Mapping filter: 'httpPutFormContentFilter' to: [/*]
2019-03-26 17:03:46.696  INFO 8588 --- [localhost-startStop-1] o.s.b.w.servlet.FilterRegistrationBean   : Mapping filter: 'requestContextFilter' to: [/*]
2019-03-26 17:03:48.358  INFO 8588 --- [main] s.w.s.m.m.a.RequestMappingHandlerAdapter : Looking for @ControllerAdvice: org.springframework.boot.context.embedded.AnnotationConfigEmbeddedWebApplicationContext@475e586c: startup date [Tue Mar 26 17:03:42 CST 2019]; root of context hierarchy
2019-03-26 17:03:49.498  INFO 8588 --- [main] s.w.s.m.m.a.RequestMappingHandlerMapping : Mapped "{[/article/findArticle],methods=[GET]}" onto public java.lang.String com.lmj.controller.ArticleController.findArticle(java.lang.String,org.springframework.ui.Model)
2019-03-26 17:03:49.499  INFO 8588 --- [main] s.w.s.m.m.a.RequestMappingHandlerMapping : Mapped "{[/article/uploadArticle],methods=[GET]}" onto public java.lang.String com.lmj.controller.ArticleController.uploadArticle()
2019-03-26 17:03:49.500  INFO 8588 --- [main] s.w.s.m.m.a.RequestMappingHandlerMapping : Mapped "{[/article/uploadArticle],methods=[POST]}" onto public java.lang.String com.lmj.controller.ArticleController.uploadArticla(com.lmj.model.Article,javax.servlet.http.HttpServletRequest,org.springframework.ui.Model)
2019-03-26 17:03:49.505  INFO 8588 --- [main] s.w.s.m.m.a.RequestMappingHandlerMapping : Mapped "{[/user/index],methods=[GET]}" onto public java.lang.String com.lmj.controller.UserController.index(java.lang.String,java.lang.String,java.lang.String,int,org.springframework.ui.Model,javax.servlet.http.HttpServletRequest,int)
2019-03-26 17:03:49.505  INFO 8588 --- [main] s.w.s.m.m.a.RequestMappingHandlerMapping : Mapped "{[/user/userInfo],methods=[GET]}" onto public java.lang.String com.lmj.controller.UserController.userInfo(javax.servlet.http.HttpServletRequest)
2019-03-26 17:03:49.506  INFO 8588 --- [main] s.w.s.m.m.a.RequestMappingHandlerMapping : Mapped "{[/user/quit]}" onto public java.lang.String com.lmj.controller.UserController.quit(javax.servlet.http.HttpServletRequest)
2019-03-26 17:03:49.506  INFO 8588 --- [main] s.w.s.m.m.a.RequestMappingHandlerMapping : Mapped "{[/user/updateUserRelName],methods=[POST]}" onto public java.lang.String com.lmj.controller.UserController.updataUserRelName(java.lang.String,javax.servlet.http.HttpServletRequest,org.springframework.ui.Model)
2019-03-26 17:03:49.507  INFO 8588 --- [main] s.w.s.m.m.a.RequestMappingHandlerMapping : Mapped "{[/user/updateUserPassword],methods=[POST]}" onto public java.lang.String com.lmj.controller.UserController.updataUserPassword(java.lang.String,javax.servlet.http.HttpServletRequest,org.springframework.ui.Model)
2019-03-26 17:03:49.507  INFO 8588 --- [main] s.w.s.m.m.a.RequestMappingHandlerMapping : Mapped "{[/user/updateUserPhoneNum],methods=[POST]}" onto public java.lang.String com.lmj.controller.UserController.updataUserPhoneNum(java.lang.String,javax.servlet.http.HttpServletRequest,org.springframework.ui.Model)
2019-03-26 17:03:49.508  INFO 8588 --- [main] s.w.s.m.m.a.RequestMappingHandlerMapping : Mapped "{[/user/updateUserSign],methods=[POST]}" onto public java.lang.String com.lmj.controller.UserController.updateUserSign(java.lang.String,javax.servlet.http.HttpServletRequest,org.springframework.ui.Model)
2019-03-26 17:03:49.508  INFO 8588 --- [main] s.w.s.m.m.a.RequestMappingHandlerMapping : Mapped "{[/user/updateArticle],methods=[POST]}" onto public java.lang.String com.lmj.controller.UserController.updateArticle(com.lmj.model.Article,javax.servlet.http.HttpServletRequest,org.springframework.ui.Model)
2019-03-26 17:03:49.509  INFO 8588 --- [main] s.w.s.m.m.a.RequestMappingHandlerMapping : Mapped "{[/user/updateArticle],methods=[GET]}" onto public java.lang.String com.lmj.controller.UserController.updateArticle(int,org.springframework.ui.Model)
2019-03-26 17:03:49.509  INFO 8588 --- [main] s.w.s.m.m.a.RequestMappingHandlerMapping : Mapped "{[/user/updateUserEmail],methods=[POST]}" onto public java.lang.String com.lmj.controller.UserController.updataUserEmail(java.lang.String,javax.servlet.http.HttpServletRequest,org.springframework.ui.Model)
2019-03-26 17:03:49.510  INFO 8588 --- [main] s.w.s.m.m.a.RequestMappingHandlerMapping : Mapped "{[/user/login],methods=[POST]}" onto public java.lang.String com.lmj.controller.UserController.userLogin(java.lang.String,java.lang.String,javax.servlet.http.HttpServletRequest,org.springframework.ui.Model)
2019-03-26 17:03:49.510  INFO 8588 --- [main] s.w.s.m.m.a.RequestMappingHandlerMapping : Mapped "{[/user/login],methods=[GET]}" onto public java.lang.String com.lmj.controller.UserController.userLogin()
2019-03-26 17:03:49.510  INFO 8588 --- [main] s.w.s.m.m.a.RequestMappingHandlerMapping : Mapped "{[/user/userCenter],methods=[GET]}" onto public java.lang.String com.lmj.controller.UserController.userCenter(javax.servlet.http.HttpServletRequest,org.springframework.ui.Model,int)
2019-03-26 17:03:49.511  INFO 8588 --- [main] s.w.s.m.m.a.RequestMappingHandlerMapping : Mapped "{[/user/findAuthor],methods=[GET]}" onto public java.lang.String com.lmj.controller.UserController.findAuthorCenter(org.springframework.ui.Model,int,int)
2019-03-26 17:03:49.511  INFO 8588 --- [main] s.w.s.m.m.a.RequestMappingHandlerMapping : Mapped "{[/user/register],methods=[GET]}" onto public java.lang.String com.lmj.controller.UserController.userRegister()
2019-03-26 17:03:49.511  INFO 8588 --- [main] s.w.s.m.m.a.RequestMappingHandlerMapping : Mapped "{[/user/register],methods=[POST]}" onto public java.lang.String com.lmj.controller.UserController.userRegister(com.lmj.model.User)
2019-03-26 17:03:49.512  INFO 8588 --- [main] s.w.s.m.m.a.RequestMappingHandlerMapping : Mapped "{[/user/delArticle]}" onto public java.lang.String com.lmj.controller.UserController.delArticle(java.lang.String,javax.servlet.http.HttpServletRequest)
2019-03-26 17:03:49.515  INFO 8588 --- [main] s.w.s.m.m.a.RequestMappingHandlerMapping : Mapped "{[/error]}" onto public org.springframework.http.ResponseEntity<java.util.Map<java.lang.String, java.lang.Object>> org.springframework.boot.autoconfigure.web.BasicErrorController.error(javax.servlet.http.HttpServletRequest)
2019-03-26 17:03:49.515  INFO 8588 --- [main] s.w.s.m.m.a.RequestMappingHandlerMapping : Mapped "{[/error],produces=[text/html]}" onto public org.springframework.web.servlet.ModelAndView org.springframework.boot.autoconfigure.web.BasicErrorController.errorHtml(javax.servlet.http.HttpServletRequest,javax.servlet.http.HttpServletResponse)
2019-03-26 17:03:49.567  INFO 8588 --- [main] o.s.w.s.handler.SimpleUrlHandlerMapping  : Mapped URL path [/webjars/**] onto handler of type [class org.springframework.web.servlet.resource.ResourceHttpRequestHandler]
2019-03-26 17:03:49.567  INFO 8588 --- [main] o.s.w.s.handler.SimpleUrlHandlerMapping  : Mapped URL path [/**] onto handler of type [class org.springframework.web.servlet.resource.ResourceHttpRequestHandler]
2019-03-26 17:03:49.621  INFO 8588 --- [main] o.s.w.s.handler.SimpleUrlHandlerMapping  : Mapped URL path [/**/favicon.ico] onto handler of type [class org.springframework.web.servlet.resource.ResourceHttpRequestHandler]
2019-03-26 17:03:50.237  INFO 8588 --- [main] o.s.w.s.v.f.FreeMarkerConfigurer         : ClassTemplateLoader for Spring macros added to FreeMarker configuration
2019-03-26 17:03:50.626  INFO 8588 --- [main] o.s.j.e.a.AnnotationMBeanExporter        : Registering beans for JMX exposure on startup
2019-03-26 17:03:50.995  INFO 8588 --- [main] s.b.c.e.t.TomcatEmbeddedServletContainer : Tomcat started on port(s): 8889 (http)
2019-03-26 17:03:51.031  INFO 8588 --- [main] com.lmj.App                              : Started App in 10.077 seconds (JVM running for 13.042)
2019-03-26 17:04:43.983  INFO 15220 --- [main] com.lmj.App                              : Starting App on DESKTOP-1O9OU02 with PID 15220 (C:\Users\asus\Desktop\BlogWorkspace\my-blog\target\classes started by asus in C:\Users\asus\Desktop\BlogWorkspace\my-blog)
2019-03-26 17:04:43.986  INFO 15220 --- [main] com.lmj.App                              : No active profile set, falling back to default profiles: default
2019-03-26 17:04:44.055  INFO 15220 --- [main] ationConfigEmbeddedWebApplicationContext : Refreshing org.springframework.boot.context.embedded.AnnotationConfigEmbeddedWebApplicationContext@475e586c: startup date [Tue Mar 26 17:04:44 CST 2019]; root of context hierarchy
2019-03-26 17:04:45.417  INFO 15220 --- [main] .s.d.r.c.RepositoryConfigurationDelegate : Multiple Spring Data modules found, entering strict repository configuration mode!
2019-03-26 17:04:46.766  INFO 15220 --- [main] s.b.c.e.t.TomcatEmbeddedServletContainer : Tomcat initialized with port(s): 8889 (http)
2019-03-26 17:04:46.775  INFO 15220 --- [main] o.apache.catalina.core.StandardService   : Starting service [Tomcat]
2019-03-26 17:04:46.776  INFO 15220 --- [main] org.apache.catalina.core.StandardEngine  : Starting Servlet Engine: Apache Tomcat/8.5.23
2019-03-26 17:04:46.936  INFO 15220 --- [localhost-startStop-1] o.a.c.c.C.[Tomcat].[localhost].[/]       : Initializing Spring embedded WebApplicationContext
2019-03-26 17:04:46.937  INFO 15220 --- [localhost-startStop-1] o.s.web.context.ContextLoader            : Root WebApplicationContext: initialization completed in 2883 ms
2019-03-26 17:04:47.115  INFO 15220 --- [localhost-startStop-1] o.s.b.w.servlet.ServletRegistrationBean  : Mapping servlet: 'dispatcherServlet' to [/]
2019-03-26 17:04:47.119  INFO 15220 --- [localhost-startStop-1] o.s.b.w.servlet.FilterRegistrationBean   : Mapping filter: 'characterEncodingFilter' to: [/*]
2019-03-26 17:04:47.120  INFO 15220 --- [localhost-startStop-1] o.s.b.w.servlet.FilterRegistrationBean   : Mapping filter: 'hiddenHttpMethodFilter' to: [/*]
2019-03-26 17:04:47.121  INFO 15220 --- [localhost-startStop-1] o.s.b.w.servlet.FilterRegistrationBean   : Mapping filter: 'httpPutFormContentFilter' to: [/*]
2019-03-26 17:04:47.122  INFO 15220 --- [localhost-startStop-1] o.s.b.w.servlet.FilterRegistrationBean   : Mapping filter: 'requestContextFilter' to: [/*]
2019-03-26 17:04:47.916  INFO 15220 --- [main] s.w.s.m.m.a.RequestMappingHandlerAdapter : Looking for @ControllerAdvice: org.springframework.boot.context.embedded.AnnotationConfigEmbeddedWebApplicationContext@475e586c: startup date [Tue Mar 26 17:04:44 CST 2019]; root of context hierarchy
2019-03-26 17:04:47.976  INFO 15220 --- [main] s.w.s.m.m.a.RequestMappingHandlerMapping : Mapped "{[/article/findArticle],methods=[GET]}" onto public java.lang.String com.lmj.controller.ArticleController.findArticle(java.lang.String,org.springframework.ui.Model)
2019-03-26 17:04:47.977  INFO 15220 --- [main] s.w.s.m.m.a.RequestMappingHandlerMapping : Mapped "{[/article/uploadArticle],methods=[POST]}" onto public java.lang.String com.lmj.controller.ArticleController.uploadArticla(com.lmj.model.Article,javax.servlet.http.HttpServletRequest,org.springframework.ui.Model)
2019-03-26 17:04:47.978  INFO 15220 --- [main] s.w.s.m.m.a.RequestMappingHandlerMapping : Mapped "{[/article/uploadArticle],methods=[GET]}" onto public java.lang.String com.lmj.controller.ArticleController.uploadArticle()
2019-03-26 17:04:47.982  INFO 15220 --- [main] s.w.s.m.m.a.RequestMappingHandlerMapping : Mapped "{[/user/index],methods=[GET]}" onto public java.lang.String com.lmj.controller.UserController.index(java.lang.String,java.lang.String,java.lang.String,int,org.springframework.ui.Model,javax.servlet.http.HttpServletRequest,int)
2019-03-26 17:04:47.983  INFO 15220 --- [main] s.w.s.m.m.a.RequestMappingHandlerMapping : Mapped "{[/user/userInfo],methods=[GET]}" onto public java.lang.String com.lmj.controller.UserController.userInfo(javax.servlet.http.HttpServletRequest)
2019-03-26 17:04:47.984  INFO 15220 --- [main] s.w.s.m.m.a.RequestMappingHandlerMapping : Mapped "{[/user/quit]}" onto public java.lang.String com.lmj.controller.UserController.quit(javax.servlet.http.HttpServletRequest)
2019-03-26 17:04:47.984  INFO 15220 --- [main] s.w.s.m.m.a.RequestMappingHandlerMapping : Mapped "{[/user/delArticle]}" onto public java.lang.String com.lmj.controller.UserController.delArticle(java.lang.String,javax.servlet.http.HttpServletRequest)
2019-03-26 17:04:47.984  INFO 15220 --- [main] s.w.s.m.m.a.RequestMappingHandlerMapping : Mapped "{[/user/updateUserEmail],methods=[POST]}" onto public java.lang.String com.lmj.controller.UserController.updataUserEmail(java.lang.String,javax.servlet.http.HttpServletRequest,org.springframework.ui.Model)
2019-03-26 17:04:47.985  INFO 15220 --- [main] s.w.s.m.m.a.RequestMappingHandlerMapping : Mapped "{[/user/updateArticle],methods=[GET]}" onto public java.lang.String com.lmj.controller.UserController.updateArticle(int,org.springframework.ui.Model)
2019-03-26 17:04:47.986  INFO 15220 --- [main] s.w.s.m.m.a.RequestMappingHandlerMapping : Mapped "{[/user/updateArticle],methods=[POST]}" onto public java.lang.String com.lmj.controller.UserController.updateArticle(com.lmj.model.Article,javax.servlet.http.HttpServletRequest,org.springframework.ui.Model)
2019-03-26 17:04:47.986  INFO 15220 --- [main] s.w.s.m.m.a.RequestMappingHandlerMapping : Mapped "{[/user/findAuthor],methods=[GET]}" onto public java.lang.String com.lmj.controller.UserController.findAuthorCenter(org.springframework.ui.Model,int,int)
2019-03-26 17:04:47.987  INFO 15220 --- [main] s.w.s.m.m.a.RequestMappingHandlerMapping : Mapped "{[/user/register],methods=[POST]}" onto public java.lang.String com.lmj.controller.UserController.userRegister(com.lmj.model.User)
2019-03-26 17:04:47.987  INFO 15220 --- [main] s.w.s.m.m.a.RequestMappingHandlerMapping : Mapped "{[/user/register],methods=[GET]}" onto public java.lang.String com.lmj.controller.UserController.userRegister()
2019-03-26 17:04:47.987  INFO 15220 --- [main] s.w.s.m.m.a.RequestMappingHandlerMapping : Mapped "{[/user/login],methods=[GET]}" onto public java.lang.String com.lmj.controller.UserController.userLogin()
2019-03-26 17:04:47.988  INFO 15220 --- [main] s.w.s.m.m.a.RequestMappingHandlerMapping : Mapped "{[/user/login],methods=[POST]}" onto public java.lang.String com.lmj.controller.UserController.userLogin(java.lang.String,java.lang.String,javax.servlet.http.HttpServletRequest,org.springframework.ui.Model)
2019-03-26 17:04:47.988  INFO 15220 --- [main] s.w.s.m.m.a.RequestMappingHandlerMapping : Mapped "{[/user/userCenter],methods=[GET]}" onto public java.lang.String com.lmj.controller.UserController.userCenter(javax.servlet.http.HttpServletRequest,org.springframework.ui.Model,int)
2019-03-26 17:04:47.988  INFO 15220 --- [main] s.w.s.m.m.a.RequestMappingHandlerMapping : Mapped "{[/user/updateUserSign],methods=[POST]}" onto public java.lang.String com.lmj.controller.UserController.updateUserSign(java.lang.String,javax.servlet.http.HttpServletRequest,org.springframework.ui.Model)
2019-03-26 17:04:47.989  INFO 15220 --- [main] s.w.s.m.m.a.RequestMappingHandlerMapping : Mapped "{[/user/updateUserPassword],methods=[POST]}" onto public java.lang.String com.lmj.controller.UserController.updataUserPassword(java.lang.String,javax.servlet.http.HttpServletRequest,org.springframework.ui.Model)
2019-03-26 17:04:47.989  INFO 15220 --- [main] s.w.s.m.m.a.RequestMappingHandlerMapping : Mapped "{[/user/updateUserPhoneNum],methods=[POST]}" onto public java.lang.String com.lmj.controller.UserController.updataUserPhoneNum(java.lang.String,javax.servlet.http.HttpServletRequest,org.springframework.ui.Model)
2019-03-26 17:04:47.990  INFO 15220 --- [main] s.w.s.m.m.a.RequestMappingHandlerMapping : Mapped "{[/user/updateUserRelName],methods=[POST]}" onto public java.lang.String com.lmj.controller.UserController.updataUserRelName(java.lang.String,javax.servlet.http.HttpServletRequest,org.springframework.ui.Model)
2019-03-26 17:04:47.991  INFO 15220 --- [main] s.w.s.m.m.a.RequestMappingHandlerMapping : Mapped "{[/error]}" onto public org.springframework.http.ResponseEntity<java.util.Map<java.lang.String, java.lang.Object>> org.springframework.boot.autoconfigure.web.BasicErrorController.error(javax.servlet.http.HttpServletRequest)
2019-03-26 17:04:47.992  INFO 15220 --- [main] s.w.s.m.m.a.RequestMappingHandlerMapping : Mapped "{[/error],produces=[text/html]}" onto public org.springframework.web.servlet.ModelAndView org.springframework.boot.autoconfigure.web.BasicErrorController.errorHtml(javax.servlet.http.HttpServletRequest,javax.servlet.http.HttpServletResponse)
2019-03-26 17:04:48.038  INFO 15220 --- [main] o.s.w.s.handler.SimpleUrlHandlerMapping  : Mapped URL path [/webjars/**] onto handler of type [class org.springframework.web.servlet.resource.ResourceHttpRequestHandler]
2019-03-26 17:04:48.039  INFO 15220 --- [main] o.s.w.s.handler.SimpleUrlHandlerMapping  : Mapped URL path [/**] onto handler of type [class org.springframework.web.servlet.resource.ResourceHttpRequestHandler]
2019-03-26 17:04:48.076  INFO 15220 --- [main] o.s.w.s.handler.SimpleUrlHandlerMapping  : Mapped URL path [/**/favicon.ico] onto handler of type [class org.springframework.web.servlet.resource.ResourceHttpRequestHandler]
2019-03-26 17:04:48.347  INFO 15220 --- [main] o.s.w.s.v.f.FreeMarkerConfigurer         : ClassTemplateLoader for Spring macros added to FreeMarker configuration
2019-03-26 17:04:48.490  INFO 15220 --- [main] o.s.j.e.a.AnnotationMBeanExporter        : Registering beans for JMX exposure on startup
2019-03-26 17:04:48.548  INFO 15220 --- [main] s.b.c.e.t.TomcatEmbeddedServletContainer : Tomcat started on port(s): 8889 (http)
2019-03-26 17:04:48.553  INFO 15220 --- [main] com.lmj.App                              : Started App in 4.986 seconds (JVM running for 6.365)
2019-03-26 17:05:16.455  INFO 15220 --- [http-nio-8889-exec-1] o.a.c.c.C.[Tomcat].[localhost].[/]       : Initializing Spring FrameworkServlet 'dispatcherServlet'
2019-03-26 17:05:16.456  INFO 15220 --- [http-nio-8889-exec-1] o.s.web.servlet.DispatcherServlet        : FrameworkServlet 'dispatcherServlet': initialization started
2019-03-26 17:05:16.509  INFO 15220 --- [http-nio-8889-exec-1] o.s.web.servlet.DispatcherServlet        : FrameworkServlet 'dispatcherServlet': initialization completed in 53 ms
2019-03-26 17:07:36.529  INFO 6584 --- [main] com.lmj.App                              : Starting App on DESKTOP-1O9OU02 with PID 6584 (C:\Users\asus\Desktop\BlogWorkspace\my-blog\target\classes started by asus in C:\Users\asus\Desktop\BlogWorkspace\my-blog)
2019-03-26 17:07:36.559  INFO 6584 --- [main] com.lmj.App                              : No active profile set, falling back to default profiles: default
2019-03-26 17:07:36.671  INFO 6584 --- [main] ationConfigEmbeddedWebApplicationContext : Refreshing org.springframework.boot.context.embedded.AnnotationConfigEmbeddedWebApplicationContext@f2f2cc1: startup date [Tue Mar 26 17:07:36 CST 2019]; root of context hierarchy
2019-03-26 17:07:37.893  INFO 6584 --- [main] .s.d.r.c.RepositoryConfigurationDelegate : Multiple Spring Data modules found, entering strict repository configuration mode!
2019-03-26 17:07:41.422  INFO 6584 --- [main] s.b.c.e.t.TomcatEmbeddedServletContainer : Tomcat initialized with port(s): 8889 (http)
2019-03-26 17:07:41.654  INFO 6584 --- [main] o.apache.catalina.core.StandardService   : Starting service [Tomcat]
2019-03-26 17:07:41.655  INFO 6584 --- [main] org.apache.catalina.core.StandardEngine  : Starting Servlet Engine: Apache Tomcat/8.5.23
2019-03-26 17:07:43.406  INFO 6584 --- [localhost-startStop-1] o.a.c.c.C.[Tomcat].[localhost].[/]       : Initializing Spring embedded WebApplicationContext
2019-03-26 17:07:43.407  INFO 6584 --- [localhost-startStop-1] o.s.web.context.ContextLoader            : Root WebApplicationContext: initialization completed in 6750 ms
2019-03-26 17:07:43.552  INFO 6584 --- [localhost-startStop-1] o.s.b.w.servlet.ServletRegistrationBean  : Mapping servlet: 'dispatcherServlet' to [/]
2019-03-26 17:07:43.557  INFO 6584 --- [localhost-startStop-1] o.s.b.w.servlet.FilterRegistrationBean   : Mapping filter: 'characterEncodingFilter' to: [/*]
2019-03-26 17:07:43.558  INFO 6584 --- [localhost-startStop-1] o.s.b.w.servlet.FilterRegistrationBean   : Mapping filter: 'hiddenHttpMethodFilter' to: [/*]
2019-03-26 17:07:43.558  INFO 6584 --- [localhost-startStop-1] o.s.b.w.servlet.FilterRegistrationBean   : Mapping filter: 'httpPutFormContentFilter' to: [/*]
2019-03-26 17:07:43.559  INFO 6584 --- [localhost-startStop-1] o.s.b.w.servlet.FilterRegistrationBean   : Mapping filter: 'requestContextFilter' to: [/*]
2019-03-26 17:07:47.395  INFO 6584 --- [main] s.w.s.m.m.a.RequestMappingHandlerAdapter : Looking for @ControllerAdvice: org.springframework.boot.context.embedded.AnnotationConfigEmbeddedWebApplicationContext@f2f2cc1: startup date [Tue Mar 26 17:07:36 CST 2019]; root of context hierarchy
2019-03-26 17:07:47.455  INFO 6584 --- [main] s.w.s.m.m.a.RequestMappingHandlerMapping : Mapped "{[/article/uploadArticle],methods=[POST]}" onto public java.lang.String com.lmj.controller.ArticleController.uploadArticla(com.lmj.model.Article,javax.servlet.http.HttpServletRequest,org.springframework.ui.Model)
2019-03-26 17:07:47.456  INFO 6584 --- [main] s.w.s.m.m.a.RequestMappingHandlerMapping : Mapped "{[/article/uploadArticle],methods=[GET]}" onto public java.lang.String com.lmj.controller.ArticleController.uploadArticle()
2019-03-26 17:07:47.456  INFO 6584 --- [main] s.w.s.m.m.a.RequestMappingHandlerMapping : Mapped "{[/article/findArticle],methods=[GET]}" onto public java.lang.String com.lmj.controller.ArticleController.findArticle(java.lang.String,org.springframework.ui.Model)
2019-03-26 17:07:47.460  INFO 6584 --- [main] s.w.s.m.m.a.RequestMappingHandlerMapping : Mapped "{[/user/index],methods=[GET]}" onto public java.lang.String com.lmj.controller.UserController.index(java.lang.String,java.lang.String,java.lang.String,int,org.springframework.ui.Model,javax.servlet.http.HttpServletRequest,int)
2019-03-26 17:07:47.461  INFO 6584 --- [main] s.w.s.m.m.a.RequestMappingHandlerMapping : Mapped "{[/user/userInfo],methods=[GET]}" onto public java.lang.String com.lmj.controller.UserController.userInfo(javax.servlet.http.HttpServletRequest)
2019-03-26 17:07:47.462  INFO 6584 --- [main] s.w.s.m.m.a.RequestMappingHandlerMapping : Mapped "{[/user/register],methods=[POST]}" onto public java.lang.String com.lmj.controller.UserController.userRegister(com.lmj.model.User)
2019-03-26 17:07:47.462  INFO 6584 --- [main] s.w.s.m.m.a.RequestMappingHandlerMapping : Mapped "{[/user/register],methods=[GET]}" onto public java.lang.String com.lmj.controller.UserController.userRegister()
2019-03-26 17:07:47.462  INFO 6584 --- [main] s.w.s.m.m.a.RequestMappingHandlerMapping : Mapped "{[/user/login],methods=[POST]}" onto public java.lang.String com.lmj.controller.UserController.userLogin(java.lang.String,java.lang.String,javax.servlet.http.HttpServletRequest,org.springframework.ui.Model)
2019-03-26 17:07:47.462  INFO 6584 --- [main] s.w.s.m.m.a.RequestMappingHandlerMapping : Mapped "{[/user/login],methods=[GET]}" onto public java.lang.String com.lmj.controller.UserController.userLogin()
2019-03-26 17:07:47.463  INFO 6584 --- [main] s.w.s.m.m.a.RequestMappingHandlerMapping : Mapped "{[/user/updateUserSign],methods=[POST]}" onto public java.lang.String com.lmj.controller.UserController.updateUserSign(java.lang.String,javax.servlet.http.HttpServletRequest,org.springframework.ui.Model)
2019-03-26 17:07:47.463  INFO 6584 --- [main] s.w.s.m.m.a.RequestMappingHandlerMapping : Mapped "{[/user/delArticle]}" onto public java.lang.String com.lmj.controller.UserController.delArticle(java.lang.String,javax.servlet.http.HttpServletRequest)
2019-03-26 17:07:47.464  INFO 6584 --- [main] s.w.s.m.m.a.RequestMappingHandlerMapping : Mapped "{[/user/updateArticle],methods=[GET]}" onto public java.lang.String com.lmj.controller.UserController.updateArticle(int,org.springframework.ui.Model)
2019-03-26 17:07:47.465  INFO 6584 --- [main] s.w.s.m.m.a.RequestMappingHandlerMapping : Mapped "{[/user/updateArticle],methods=[POST]}" onto public java.lang.String com.lmj.controller.UserController.updateArticle(com.lmj.model.Article,javax.servlet.http.HttpServletRequest,org.springframework.ui.Model)
2019-03-26 17:07:47.465  INFO 6584 --- [main] s.w.s.m.m.a.RequestMappingHandlerMapping : Mapped "{[/user/findAuthor],methods=[GET]}" onto public java.lang.String com.lmj.controller.UserController.findAuthorCenter(org.springframework.ui.Model,int,int)
2019-03-26 17:07:47.465  INFO 6584 --- [main] s.w.s.m.m.a.RequestMappingHandlerMapping : Mapped "{[/user/updateUserEmail],methods=[POST]}" onto public java.lang.String com.lmj.controller.UserController.updataUserEmail(java.lang.String,javax.servlet.http.HttpServletRequest,org.springframework.ui.Model)
2019-03-26 17:07:47.466  INFO 6584 --- [main] s.w.s.m.m.a.RequestMappingHandlerMapping : Mapped "{[/user/userCenter],methods=[GET]}" onto public java.lang.String com.lmj.controller.UserController.userCenter(javax.servlet.http.HttpServletRequest,org.springframework.ui.Model,int)
2019-03-26 17:07:47.466  INFO 6584 --- [main] s.w.s.m.m.a.RequestMappingHandlerMapping : Mapped "{[/user/quit]}" onto public java.lang.String com.lmj.controller.UserController.quit(javax.servlet.http.HttpServletRequest)
2019-03-26 17:07:47.467  INFO 6584 --- [main] s.w.s.m.m.a.RequestMappingHandlerMapping : Mapped "{[/user/updateUserPassword],methods=[POST]}" onto public java.lang.String com.lmj.controller.UserController.updataUserPassword(java.lang.String,javax.servlet.http.HttpServletRequest,org.springframework.ui.Model)
2019-03-26 17:07:47.467  INFO 6584 --- [main] s.w.s.m.m.a.RequestMappingHandlerMapping : Mapped "{[/user/updateUserPhoneNum],methods=[POST]}" onto public java.lang.String com.lmj.controller.UserController.updataUserPhoneNum(java.lang.String,javax.servlet.http.HttpServletRequest,org.springframework.ui.Model)
2019-03-26 17:07:47.467  INFO 6584 --- [main] s.w.s.m.m.a.RequestMappingHandlerMapping : Mapped "{[/user/updateUserRelName],methods=[POST]}" onto public java.lang.String com.lmj.controller.UserController.updataUserRelName(java.lang.String,javax.servlet.http.HttpServletRequest,org.springframework.ui.Model)
2019-03-26 17:07:47.469  INFO 6584 --- [main] s.w.s.m.m.a.RequestMappingHandlerMapping : Mapped "{[/error]}" onto public org.springframework.http.ResponseEntity<java.util.Map<java.lang.String, java.lang.Object>> org.springframework.boot.autoconfigure.web.BasicErrorController.error(javax.servlet.http.HttpServletRequest)
2019-03-26 17:07:47.470  INFO 6584 --- [main] s.w.s.m.m.a.RequestMappingHandlerMapping : Mapped "{[/error],produces=[text/html]}" onto public org.springframework.web.servlet.ModelAndView org.springframework.boot.autoconfigure.web.BasicErrorController.errorHtml(javax.servlet.http.HttpServletRequest,javax.servlet.http.HttpServletResponse)
2019-03-26 17:07:47.500  INFO 6584 --- [main] o.s.w.s.handler.SimpleUrlHandlerMapping  : Mapped URL path [/webjars/**] onto handler of type [class org.springframework.web.servlet.resource.ResourceHttpRequestHandler]
2019-03-26 17:07:47.500  INFO 6584 --- [main] o.s.w.s.handler.SimpleUrlHandlerMapping  : Mapped URL path [/**] onto handler of type [class org.springframework.web.servlet.resource.ResourceHttpRequestHandler]
2019-03-26 17:07:47.534  INFO 6584 --- [main] o.s.w.s.handler.SimpleUrlHandlerMapping  : Mapped URL path [/**/favicon.ico] onto handler of type [class org.springframework.web.servlet.resource.ResourceHttpRequestHandler]
2019-03-26 17:07:47.985  INFO 6584 --- [main] o.s.w.s.v.f.FreeMarkerConfigurer         : ClassTemplateLoader for Spring macros added to FreeMarker configuration
2019-03-26 17:07:48.180  INFO 6584 --- [main] o.s.j.e.a.AnnotationMBeanExporter        : Registering beans for JMX exposure on startup
2019-03-26 17:07:48.265  INFO 6584 --- [main] s.b.c.e.t.TomcatEmbeddedServletContainer : Tomcat started on port(s): 8889 (http)
2019-03-26 17:07:48.298  INFO 6584 --- [main] com.lmj.App                              : Started App in 12.709 seconds (JVM running for 21.877)
2019-03-26 17:08:24.686  INFO 6584 --- [http-nio-8889-exec-1] o.a.c.c.C.[Tomcat].[localhost].[/]       : Initializing Spring FrameworkServlet 'dispatcherServlet'
2019-03-26 17:08:24.686  INFO 6584 --- [http-nio-8889-exec-1] o.s.web.servlet.DispatcherServlet        : FrameworkServlet 'dispatcherServlet': initialization started
2019-03-26 17:08:25.175  INFO 6584 --- [http-nio-8889-exec-1] o.s.web.servlet.DispatcherServlet        : FrameworkServlet 'dispatcherServlet': initialization completed in 488 ms
